<?xml version="1.0" encoding="UTF-8"?>
<testng-results skipped="0" failed="0" total="1" passed="1">
  <reporter-output>
  </reporter-output>
  <suite name="Default suite" duration-ms="1542" started-at="2016-08-04T13:05:29Z" finished-at="2016-08-04T13:05:31Z">
    <groups>
    </groups>
    <test name="Default test" duration-ms="1542" started-at="2016-08-04T13:05:29Z" finished-at="2016-08-04T13:05:31Z">
      <class name="com.skillsoft.restassured.Assignment_Restassured">
        <test-method status="PASS" signature="whenExpectationsDefinedThenAsStringReturnsCanReturnTheResponseBody()[pri:0, instance:com.skillsoft.restassured.Assignment_Restassured@76a3e297]" name="whenExpectationsDefinedThenAsStringReturnsCanReturnTheResponseBody" duration-ms="1176" started-at="2016-08-04T09:05:30Z" finished-at="2016-08-04T09:05:31Z">
          <reporter-output>
          </reporter-output>
        </test-method> <!-- whenExpectationsDefinedThenAsStringReturnsCanReturnTheResponseBody -->
        <test-method status="PASS" signature="tearDown()[pri:0, instance:com.skillsoft.restassured.Assignment_Restassured@76a3e297]" name="tearDown" is-config="true" duration-ms="2012" started-at="2016-08-04T09:05:31Z" finished-at="2016-08-04T09:05:33Z">
          <reporter-output>
          </reporter-output>
        </test-method> <!-- tearDown -->
      </class> <!-- com.skillsoft.restassured.Assignment_Restassured -->
    </test> <!-- Default test -->
  </suite> <!-- Default suite -->
</testng-results>
